This is pdfTeX, Version 3.141592653-2.6-1.40.25 (TeX Live 2023) (preloaded format=pdflatex 2024.2.17)  1 JAN 2025 10:09
entering extended mode
 restricted \write18 enabled.
 file:line:error style messages enabled.
 %&-line parsing enabled.
**"Operations Management.tex"
(./Operations Management.tex
LaTeX2e <2022-11-01> patch level 1
L3 programming layer <2023-02-22>
(/usr/local/texlive/2023/texmf-dist/tex/latex/base/article.cls
Document Class: article 2022/07/02 v1.4n Standard LaTeX document class
(/usr/local/texlive/2023/texmf-dist/tex/latex/base/size12.clo
File: size12.clo 2022/07/02 v1.4n Standard LaTeX file (size option)
)
\c@part=\count185
\c@section=\count186
\c@subsection=\count187
\c@subsubsection=\count188
\c@paragraph=\count189
\c@subparagraph=\count190
\c@figure=\count191
\c@table=\count192
\abovecaptionskip=\skip48
\belowcaptionskip=\skip49
\bibindent=\dimen140
)
(/usr/local/texlive/2023/texmf-dist/tex/latex/base/inputenc.sty
Package: inputenc 2021/02/14 v1.3d Input encoding file
\inpenc@prehook=\toks16
\inpenc@posthook=\toks17
)
(/usr/local/texlive/2023/texmf-dist/tex/latex/cjk/texinput/CJKutf8.sty
Package: CJKutf8 2021/10/16 4.8.5

(/usr/local/texlive/2023/texmf-dist/tex/generic/iftex/ifpdf.sty
Package: ifpdf 2019/10/25 v3.4 ifpdf legacy package. Use iftex instead.

(/usr/local/texlive/2023/texmf-dist/tex/generic/iftex/iftex.sty
Package: iftex 2022/02/03 v1.0f TeX engine tests
))
(/usr/local/texlive/2023/texmf-dist/tex/latex/cjk/texinput/CJK.sty
Package: CJK 2021/10/16 4.8.5

(/usr/local/texlive/2023/texmf-dist/tex/latex/cjk/texinput/mule/MULEenc.sty
Package: MULEenc 2021/10/16 4.8.5
)
(/usr/local/texlive/2023/texmf-dist/tex/latex/cjk/texinput/CJK.enc
File: CJK.enc 2021/10/16 4.8.5
Now handling font encoding C00 ...
... no UTF-8 mapping file for font encoding C00
Now handling font encoding C05 ...
... no UTF-8 mapping file for font encoding C05
Now handling font encoding C09 ...
... no UTF-8 mapping file for font encoding C09
Now handling font encoding C10 ...
... no UTF-8 mapping file for font encoding C10
Now handling font encoding C20 ...
... no UTF-8 mapping file for font encoding C20
Now handling font encoding C19 ...
... no UTF-8 mapping file for font encoding C19
Now handling font encoding C40 ...
... no UTF-8 mapping file for font encoding C40
Now handling font encoding C42 ...
... no UTF-8 mapping file for font encoding C42
Now handling font encoding C43 ...
... no UTF-8 mapping file for font encoding C43
Now handling font encoding C50 ...
... no UTF-8 mapping file for font encoding C50
Now handling font encoding C52 ...
... no UTF-8 mapping file for font encoding C52
Now handling font encoding C49 ...
... no UTF-8 mapping file for font encoding C49
Now handling font encoding C60 ...
... no UTF-8 mapping file for font encoding C60
Now handling font encoding C61 ...
... no UTF-8 mapping file for font encoding C61
Now handling font encoding C63 ...
... no UTF-8 mapping file for font encoding C63
Now handling font encoding C64 ...
... no UTF-8 mapping file for font encoding C64
Now handling font encoding C65 ...
... no UTF-8 mapping file for font encoding C65
Now handling font encoding C70 ...
... no UTF-8 mapping file for font encoding C70
Now handling font encoding C31 ...
... no UTF-8 mapping file for font encoding C31
Now handling font encoding C32 ...
... no UTF-8 mapping file for font encoding C32
Now handling font encoding C33 ...
... no UTF-8 mapping file for font encoding C33
Now handling font encoding C34 ...
... no UTF-8 mapping file for font encoding C34
Now handling font encoding C35 ...
... no UTF-8 mapping file for font encoding C35
Now handling font encoding C36 ...
... no UTF-8 mapping file for font encoding C36
Now handling font encoding C37 ...
... no UTF-8 mapping file for font encoding C37
Now handling font encoding C80 ...
... no UTF-8 mapping file for font encoding C80
Now handling font encoding C81 ...
... no UTF-8 mapping file for font encoding C81
Now handling font encoding C01 ...
... no UTF-8 mapping file for font encoding C01
Now handling font encoding C11 ...
... no UTF-8 mapping file for font encoding C11
Now handling font encoding C21 ...
... no UTF-8 mapping file for font encoding C21
Now handling font encoding C41 ...
... no UTF-8 mapping file for font encoding C41
Now handling font encoding C62 ...
... no UTF-8 mapping file for font encoding C62
)
\CJK@indent=\box51
)
(/usr/local/texlive/2023/texmf-dist/tex/latex/base/fontenc.sty
Package: fontenc 2021/04/29 v2.0v Standard LaTeX package
))
(/usr/local/texlive/2023/texmf-dist/tex/latex/graphics/graphicx.sty
Package: graphicx 2021/09/16 v1.2d Enhanced LaTeX Graphics (DPC,SPQR)

(/usr/local/texlive/2023/texmf-dist/tex/latex/graphics/keyval.sty
Package: keyval 2022/05/29 v1.15 key=value parser (DPC)
\KV@toks@=\toks18
)
(/usr/local/texlive/2023/texmf-dist/tex/latex/graphics/graphics.sty
Package: graphics 2022/03/10 v1.4e Standard LaTeX Graphics (DPC,SPQR)

(/usr/local/texlive/2023/texmf-dist/tex/latex/graphics/trig.sty
Package: trig 2021/08/11 v1.11 sin cos tan (DPC)
)
(/usr/local/texlive/2023/texmf-dist/tex/latex/graphics-cfg/graphics.cfg
File: graphics.cfg 2016/06/04 v1.11 sample graphics configuration
)
Package graphics Info: Driver file: pdftex.def on input line 107.

(/usr/local/texlive/2023/texmf-dist/tex/latex/graphics-def/pdftex.def
File: pdftex.def 2022/09/22 v1.2b Graphics/color driver for pdftex
))
\Gin@req@height=\dimen141
\Gin@req@width=\dimen142
)
(/usr/local/texlive/2023/texmf-dist/tex/latex/xcolor/xcolor.sty
Package: xcolor 2022/06/12 v2.14 LaTeX color extensions (UK)

(/usr/local/texlive/2023/texmf-dist/tex/latex/graphics-cfg/color.cfg
File: color.cfg 2016/01/02 v1.6 sample color configuration
)
Package xcolor Info: Driver file: pdftex.def on input line 227.

(/usr/local/texlive/2023/texmf-dist/tex/latex/graphics/mathcolor.ltx)
Package xcolor Info: Model `cmy' substituted by `cmy0' on input line 1353.
Package xcolor Info: Model `hsb' substituted by `rgb' on input line 1357.
Package xcolor Info: Model `RGB' extended on input line 1369.
Package xcolor Info: Model `HTML' substituted by `rgb' on input line 1371.
Package xcolor Info: Model `Hsb' substituted by `hsb' on input line 1372.
Package xcolor Info: Model `tHsb' substituted by `hsb' on input line 1373.
Package xcolor Info: Model `HSB' substituted by `hsb' on input line 1374.
Package xcolor Info: Model `Gray' substituted by `gray' on input line 1375.
Package xcolor Info: Model `wave' substituted by `hsb' on input line 1376.
)
(/usr/local/texlive/2023/texmf-dist/tex/latex/caption/caption.sty
Package: caption 2023/03/12 v3.6j Customizing captions (AR)

(/usr/local/texlive/2023/texmf-dist/tex/latex/caption/caption3.sty
Package: caption3 2023/03/12 v2.4 caption3 kernel (AR)
\caption@tempdima=\dimen143
\captionmargin=\dimen144
\caption@leftmargin=\dimen145
\caption@rightmargin=\dimen146
\caption@width=\dimen147
\caption@indent=\dimen148
\caption@parindent=\dimen149
\caption@hangindent=\dimen150
Package caption Info: Standard document class detected.
)
\c@caption@flags=\count193
\c@continuedfloat=\count194
)
(/usr/local/texlive/2023/texmf-dist/tex/latex/amsmath/amsmath.sty
Package: amsmath 2022/04/08 v2.17n AMS math features
\@mathmargin=\skip50

For additional information on amsmath, use the `?' option.
(/usr/local/texlive/2023/texmf-dist/tex/latex/amsmath/amstext.sty
Package: amstext 2021/08/26 v2.01 AMS text

(/usr/local/texlive/2023/texmf-dist/tex/latex/amsmath/amsgen.sty
File: amsgen.sty 1999/11/30 v2.0 generic functions
\@emptytoks=\toks19
\ex@=\dimen151
))
(/usr/local/texlive/2023/texmf-dist/tex/latex/amsmath/amsbsy.sty
Package: amsbsy 1999/11/29 v1.2d Bold Symbols
\pmbraise@=\dimen152
)
(/usr/local/texlive/2023/texmf-dist/tex/latex/amsmath/amsopn.sty
Package: amsopn 2022/04/08 v2.04 operator names
)
\inf@bad=\count195
LaTeX Info: Redefining \frac on input line 234.
\uproot@=\count196
\leftroot@=\count197
LaTeX Info: Redefining \overline on input line 399.
LaTeX Info: Redefining \colon on input line 410.
\classnum@=\count198
\DOTSCASE@=\count199
LaTeX Info: Redefining \ldots on input line 496.
LaTeX Info: Redefining \dots on input line 499.
LaTeX Info: Redefining \cdots on input line 620.
\Mathstrutbox@=\box52
\strutbox@=\box53
LaTeX Info: Redefining \big on input line 722.
LaTeX Info: Redefining \Big on input line 723.
LaTeX Info: Redefining \bigg on input line 724.
LaTeX Info: Redefining \Bigg on input line 725.
\big@size=\dimen153
LaTeX Font Info:    Redeclaring font encoding OML on input line 743.
LaTeX Font Info:    Redeclaring font encoding OMS on input line 744.
\macc@depth=\count266
LaTeX Info: Redefining \bmod on input line 905.
LaTeX Info: Redefining \pmod on input line 910.
LaTeX Info: Redefining \smash on input line 940.
LaTeX Info: Redefining \relbar on input line 970.
LaTeX Info: Redefining \Relbar on input line 971.
\c@MaxMatrixCols=\count267
\dotsspace@=\muskip16
\c@parentequation=\count268
\dspbrk@lvl=\count269
\tag@help=\toks20
\row@=\count270
\column@=\count271
\maxfields@=\count272
\andhelp@=\toks21
\eqnshift@=\dimen154
\alignsep@=\dimen155
\tagshift@=\dimen156
\tagwidth@=\dimen157
\totwidth@=\dimen158
\lineht@=\dimen159
\@envbody=\toks22
\multlinegap=\skip51
\multlinetaggap=\skip52
\mathdisplay@stack=\toks23
LaTeX Info: Redefining \[ on input line 2953.
LaTeX Info: Redefining \] on input line 2954.
)
(/usr/local/texlive/2023/texmf-dist/tex/latex/l3backend/l3backend-pdftex.def
File: l3backend-pdftex.def 2023-01-16 L3 backend support: PDF output (pdfTeX)
\l__color_backend_stack_int=\count273
\l__pdf_internal_box=\box54
)
(./Operations Management.aux)
\openout1 = `"Operations Management.aux"'.

LaTeX Font Info:    Checking defaults for OML/cmm/m/it on input line 11.
LaTeX Font Info:    ... okay on input line 11.
LaTeX Font Info:    Checking defaults for OMS/cmsy/m/n on input line 11.
LaTeX Font Info:    ... okay on input line 11.
LaTeX Font Info:    Checking defaults for OT1/cmr/m/n on input line 11.
LaTeX Font Info:    ... okay on input line 11.
LaTeX Font Info:    Checking defaults for T1/cmr/m/n on input line 11.
LaTeX Font Info:    ... okay on input line 11.
LaTeX Font Info:    Checking defaults for TS1/cmr/m/n on input line 11.
LaTeX Font Info:    ... okay on input line 11.
LaTeX Font Info:    Checking defaults for OMX/cmex/m/n on input line 11.
LaTeX Font Info:    ... okay on input line 11.
LaTeX Font Info:    Checking defaults for U/cmr/m/n on input line 11.
LaTeX Font Info:    ... okay on input line 11.
LaTeX Font Info:    Checking defaults for C00/song/m/n on input line 11.
LaTeX Font Info:    ... okay on input line 11.
LaTeX Font Info:    Checking defaults for C05/song/m/n on input line 11.
LaTeX Font Info:    ... okay on input line 11.
LaTeX Font Info:    Checking defaults for C09/song/m/n on input line 11.
LaTeX Font Info:    ... okay on input line 11.
LaTeX Font Info:    Checking defaults for C10/song/m/n on input line 11.
LaTeX Font Info:    ... okay on input line 11.
LaTeX Font Info:    Checking defaults for C20/song/m/n on input line 11.
LaTeX Font Info:    ... okay on input line 11.
LaTeX Font Info:    Checking defaults for C19/song/m/n on input line 11.
LaTeX Font Info:    ... okay on input line 11.
LaTeX Font Info:    Checking defaults for C40/song/m/n on input line 11.
LaTeX Font Info:    ... okay on input line 11.
LaTeX Font Info:    Checking defaults for C42/song/m/n on input line 11.
LaTeX Font Info:    ... okay on input line 11.
LaTeX Font Info:    Checking defaults for C43/song/m/n on input line 11.
LaTeX Font Info:    ... okay on input line 11.
LaTeX Font Info:    Checking defaults for C50/song/m/n on input line 11.
LaTeX Font Info:    ... okay on input line 11.
LaTeX Font Info:    Checking defaults for C52/song/m/n on input line 11.
LaTeX Font Info:    ... okay on input line 11.
LaTeX Font Info:    Checking defaults for C49/song/m/n on input line 11.
LaTeX Font Info:    ... okay on input line 11.
LaTeX Font Info:    Checking defaults for C60/mj/m/n on input line 11.
LaTeX Font Info:    ... okay on input line 11.
LaTeX Font Info:    Checking defaults for C61/mj/m/n on input line 11.
LaTeX Font Info:    ... okay on input line 11.
LaTeX Font Info:    Checking defaults for C63/mj/m/n on input line 11.
LaTeX Font Info:    ... okay on input line 11.
LaTeX Font Info:    Checking defaults for C64/mj/m/n on input line 11.
LaTeX Font Info:    ... okay on input line 11.
LaTeX Font Info:    Checking defaults for C65/mj/m/n on input line 11.
LaTeX Font Info:    ... okay on input line 11.
LaTeX Font Info:    Checking defaults for C70/song/m/n on input line 11.
LaTeX Font Info:    ... okay on input line 11.
LaTeX Font Info:    Checking defaults for C31/song/m/n on input line 11.
LaTeX Font Info:    ... okay on input line 11.
LaTeX Font Info:    Checking defaults for C32/song/m/n on input line 11.
LaTeX Font Info:    ... okay on input line 11.
LaTeX Font Info:    Checking defaults for C33/song/m/n on input line 11.
LaTeX Font Info:    ... okay on input line 11.
LaTeX Font Info:    Checking defaults for C34/song/m/n on input line 11.
LaTeX Font Info:    ... okay on input line 11.
LaTeX Font Info:    Checking defaults for C35/song/m/n on input line 11.
LaTeX Font Info:    ... okay on input line 11.
LaTeX Font Info:    Checking defaults for C36/song/m/n on input line 11.
LaTeX Font Info:    ... okay on input line 11.
LaTeX Font Info:    Checking defaults for C37/song/m/n on input line 11.
LaTeX Font Info:    ... okay on input line 11.
LaTeX Font Info:    Checking defaults for C80/song/m/n on input line 11.
LaTeX Font Info:    ... okay on input line 11.
LaTeX Font Info:    Checking defaults for C81/song/m/n on input line 11.
LaTeX Font Info:    ... okay on input line 11.
LaTeX Font Info:    Checking defaults for C01/song/m/n on input line 11.
LaTeX Font Info:    ... okay on input line 11.
LaTeX Font Info:    Checking defaults for C11/song/m/n on input line 11.
LaTeX Font Info:    ... okay on input line 11.
LaTeX Font Info:    Checking defaults for C21/song/m/n on input line 11.
LaTeX Font Info:    ... okay on input line 11.
LaTeX Font Info:    Checking defaults for C41/song/m/n on input line 11.
LaTeX Font Info:    ... okay on input line 11.
LaTeX Font Info:    Checking defaults for C62/song/m/n on input line 11.
LaTeX Font Info:    ... okay on input line 11.

(/usr/local/texlive/2023/texmf-dist/tex/context/base/mkii/supp-pdf.mkii
[Loading MPS to PDF converter (version 2006.09.02).]
\scratchcounter=\count274
\scratchdimen=\dimen160
\scratchbox=\box55
\nofMPsegments=\count275
\nofMParguments=\count276
\everyMPshowfont=\toks24
\MPscratchCnt=\count277
\MPscratchDim=\dimen161
\MPnumerator=\count278
\makeMPintoPDFobject=\count279
\everyMPtoPDFconversion=\toks25
) (/usr/local/texlive/2023/texmf-dist/tex/latex/epstopdf-pkg/epstopdf-base.sty
Package: epstopdf-base 2020-01-24 v2.11 Base part for package epstopdf

(/usr/local/texlive/2023/texmf-dist/tex/generic/infwarerr/infwarerr.sty
Package: infwarerr 2019/12/03 v1.5 Providing info/warning/error messages (HO)
)
(/usr/local/texlive/2023/texmf-dist/tex/latex/grfext/grfext.sty
Package: grfext 2019/12/03 v1.3 Manage graphics extensions (HO)

(/usr/local/texlive/2023/texmf-dist/tex/generic/kvdefinekeys/kvdefinekeys.sty
Package: kvdefinekeys 2019-12-19 v1.6 Define keys (HO)
)) (/usr/local/texlive/2023/texmf-dist/tex/latex/kvoptions/kvoptions.sty
Package: kvoptions 2022-06-15 v3.15 Key value format for package options (HO)

(/usr/local/texlive/2023/texmf-dist/tex/generic/ltxcmds/ltxcmds.sty
Package: ltxcmds 2020-05-10 v1.25 LaTeX kernel commands for general use (HO)
)
(/usr/local/texlive/2023/texmf-dist/tex/latex/kvsetkeys/kvsetkeys.sty
Package: kvsetkeys 2022-10-05 v1.19 Key value parser (HO)
))
(/usr/local/texlive/2023/texmf-dist/tex/generic/pdftexcmds/pdftexcmds.sty
Package: pdftexcmds 2020-06-27 v0.33 Utility functions of pdfTeX for LuaTeX (HO
)
Package pdftexcmds Info: \pdf@primitive is available.
Package pdftexcmds Info: \pdf@ifprimitive is available.
Package pdftexcmds Info: \pdfdraftmode found.
)
Package epstopdf-base Info: Redefining graphics rule for `.eps' on input line 4
85.
Package grfext Info: Graphics extension search list:
(grfext)             [.pdf,.png,.jpg,.mps,.jpeg,.jbig2,.jb2,.PDF,.PNG,.JPG,.JPE
G,.JBIG2,.JB2,.eps]
(grfext)             \AppendGraphicsExtensions on input line 504.

(/usr/local/texlive/2023/texmf-dist/tex/latex/latexconfig/epstopdf-sys.cfg
File: epstopdf-sys.cfg 2010/07/13 v1.3 Configuration of (r)epstopdf for TeX Liv
e
))
Package caption Info: Begin \AtBeginDocument code.
Package caption Info: End \AtBeginDocument code.

(/usr/local/texlive/2023/texmf-dist/tex/latex/cjk/texinput/UTF8/UTF8.bdg
File: UTF8.bdg 2021/10/16 4.8.5
)
(/usr/local/texlive/2023/texmf-dist/tex/latex/cjk/texinput/UTF8/UTF8.enc
File: UTF8.enc 2021/10/16 4.8.5
)
(/usr/local/texlive/2023/texmf-dist/tex/latex/cjk/texinput/UTF8/UTF8.chr
File: UTF8.chr 2021/10/16 4.8.5
)
[1

{/usr/local/texlive/2023/texmf-var/fonts/map/pdftex/updmap/pdftex.map}{/usr/loc
al/texlive/2023/texmf-dist/fonts/enc/dvips/cm-super/cm-super-ts1.enc}]
Overfull \hbox (10.68428pt too wide) in paragraph at lines 47--52
\OT1/cmr/m/n/12 2. Ab-satz-pla-nung: ist eine auf der Prog-nose beruhende Be-da
rf-ssch^^?atzung,
 []


Underfull \hbox (badness 10000) in paragraph at lines 47--52

 []


Underfull \hbox (badness 10000) in paragraph at lines 53--55

 []

<UE11.jpg, id=10, 995.72pt x 437.635pt>
File: UE11.jpg Graphic file (type jpg)
<use UE11.jpg>
Package pdftex.def Info: UE11.jpg  used on input line 58.
(pdftex.def)             Requested size: 195.0pt x 85.70241pt.

Underfull \hbox (badness 10000) in paragraph at lines 61--63

 []

[1 <./UE11.jpg>]
<UE12.jpg, id=14, 759.83875pt x 383.4325pt>
File: UE12.jpg Graphic file (type jpg)
<use UE12.jpg>
Package pdftex.def Info: UE12.jpg  used on input line 66.
(pdftex.def)             Requested size: 195.0pt x 98.3971pt.

Underfull \hbox (badness 10000) in paragraph at lines 69--71

 []

<UE13.jpg, id=15, 862.22125pt x 419.5675pt>
File: UE13.jpg Graphic file (type jpg)
<use UE13.jpg>
Package pdftex.def Info: UE13.jpg  used on input line 74.
(pdftex.def)             Requested size: 195.0pt x 94.88516pt.
[2 <./UE12.jpg> <./UE13.jpg>]
<VL31.png, id=19, 494.84875pt x 487.8225pt>
File: VL31.png Graphic file (type png)
<use VL31.png>
Package pdftex.def Info: VL31.png  used on input line 97.
(pdftex.def)             Requested size: 234.00238pt x 230.676pt.
LaTeX Font Info:    Trying to load font information for C70+gbsn on input line 
99.

(/usr/local/texlive/2023/texmf-dist/tex/latex/cjk/texinput/UTF8/c70gbsn.fd
File: c70gbsn.fd 2021/10/16 4.8.5
)
(/usr/local/texlive/2023/texmf-dist/tex/latex/cjk/texinput/UTF8/c70gbsn.fdx
File: c70gbsn.fdx 2021/10/16 4.8.5
)
Underfull \hbox (badness 10000) in paragraph at lines 105--107

 []

Missing character: There is no ^^H in font gbsnu03!

Underfull \hbox (badness 10000) in paragraph at lines 107--109

 []

<VL32.png, id=44, 1092.08pt x 245.91875pt>
File: VL32.png Graphic file (type png)
<use VL32.png>
Package pdftex.def Info: VL32.png  used on input line 118.
(pdftex.def)             Requested size: 272.99881pt x 61.47202pt.
[3 <./VL31.png>]
<VL33.png, id=71, 1092.08pt x 309.155pt>
File: VL33.png Graphic file (type png)
<use VL33.png>
Package pdftex.def Info: VL33.png  used on input line 125.
(pdftex.def)             Requested size: 272.99881pt x 77.27911pt.
<VL34.png, id=77, 1092.08pt x 347.2975pt>
File: VL34.png Graphic file (type png)
<use VL34.png>
Package pdftex.def Info: VL34.png  used on input line 137.
(pdftex.def)             Requested size: 272.99881pt x 86.81355pt.
 [4 <./VL32.png> <./VL33.png> <./VL34.png>]
<VL35.png, id=96, 435.6275pt x 207.77625pt>
File: VL35.png Graphic file (type png)
<use VL35.png>
Package pdftex.def Info: VL35.png  used on input line 147.
(pdftex.def)             Requested size: 155.99762pt x 74.40308pt.
<VL36.png, id=101, 888.31876pt x 359.3425pt>
File: VL36.png Graphic file (type png)
<use VL36.png>
Package pdftex.def Info: VL36.png  used on input line 155.
(pdftex.def)             Requested size: 234.00238pt x 94.65506pt.

Underfull \hbox (badness 10000) in paragraph at lines 171--173

 []

[5 <./VL35.png> <./VL36.png>]
Underfull \hbox (badness 10000) in paragraph at lines 177--180

 []

[6] [7] [8]
Underfull \hbox (badness 10000) in paragraph at lines 286--287

 []


Underfull \hbox (badness 10000) in paragraph at lines 303--305

 []

[9]
<VL51.png, id=165, 561.09625pt x 201.75375pt>
File: VL51.png Graphic file (type png)
<use VL51.png>
Package pdftex.def Info: VL51.png  used on input line 319.
(pdftex.def)             Requested size: 155.99762pt x 56.09045pt.
 [10 <./VL51.png>]
Missing character: There is no ^^H in font gbsnu03!
Missing character: There is no ^^H in font gbsnu03!
Missing character: There is no ^^H in font gbsnu03!
Missing character: There is no ^^H in font gbsnu03!
Missing character: There is no ^^H in font gbsnu03!
Missing character: There is no ^^H in font gbsnu03!
[11]
Missing character: There is no ^^H in font gbsnu03!
Missing character: There is no ^^H in font gbsnu03!
Missing character: There is no ^^H in font gbsnu03!
Missing character: There is no ^^H in font gbsnu03!

Overfull \hbox (18.88744pt too wide) in paragraph at lines 403--405
\OT1/cmr/m/n/12 Bestandsmanagement beschaftigt sich mit der Be-tra-ch-tung alle
r im Un-ternehmen
 []


Underfull \hbox (badness 10000) in paragraph at lines 403--405

 []

<VL71.png, id=179, 806.01125pt x 331.2375pt>
File: VL71.png Graphic file (type png)
<use VL71.png>
Package pdftex.def Info: VL71.png  used on input line 408.
(pdftex.def)             Requested size: 312.00119pt x 128.21674pt.
Missing character: There is no ^^H in font gbsnu03!
Missing character: There is no ^^H in font gbsnu03!
Missing character: There is no ^^H in font gbsnu03!
[12 <./VL71.png>]
Underfull \hbox (badness 10000) in paragraph at lines 455--456

 []


Underfull \hbox (badness 10000) in paragraph at lines 476--477

 []

[13]
Underfull \hbox (badness 10000) in paragraph at lines 509--510

 []

[14]
Overfull \hbox (14.98317pt too wide) in paragraph at lines 546--549
\OT1/cmr/bx/n/12 se-quen-zielle Pla-nung \OT1/cmr/m/n/12 - sukzes-sive Bes-tim-
mung von Be-dar-fen, Losgr^^?o^^Yen
 []

Missing character: There is no ^^H in font gbsnu03!
Missing character: There is no ^^H in font gbsnu03!
Missing character: There is no ^^H in font gbsnu03!
Missing character: There is no ^^H in font gbsnu03!

Overfull \hbox (2.36816pt too wide) in paragraph at lines 555--559
[]\OT1/cmr/m/n/12 Prob-lem[]: In-ter-de-pen-den-zen zwis-chen Mengen-, Termin- 
und Los-gro^^Yen-
 []

Missing character: There is no ^^H in font gbsnu03!
Missing character: There is no ^^H in font gbsnu03!
Missing character: There is no ^^H in font gbsnu03!
<VL81.png, id=200, 1059.96pt x 481.8pt>
File: VL81.png Graphic file (type png)
<use VL81.png>
Package pdftex.def Info: VL81.png  used on input line 565.
(pdftex.def)             Requested size: 234.00238pt x 106.3639pt.
[15 <./VL81.png>]
Underfull \hbox (badness 10000) in paragraph at lines 590--591

 []

[16]
Missing character: There is no ^^H in font gbsnu03!
Missing character: There is no ^^H in font gbsnu03!
Missing character: There is no ^^H in font gbsnu03!
Missing character: There is no ^^H in font gbsnu03!
Missing character: There is no ^^H in font gbsnu03!
Missing character: There is no ^^H in font gbsnu03!

Underfull \hbox (badness 10000) in paragraph at lines 623--624

 []


LaTeX Warning: Command \L invalid in math mode on input line 644.

[17]
Missing character: There is no ^^H in font gbsnu03!
[18]
Overfull \hbox (12.7812pt too wide) in paragraph at lines 708--708
[]\OT1/cmr/bx/n/14.4 Losgr^^?o^^Yenplanung in der Flie^^Ypro-duk-tion (Mehrpro-

 []

Missing character: There is no ^^H in font gbsnu03!
Missing character: There is no ^^H in font gbsnu03!
Missing character: There is no ^^H in font gbsnu03!
Missing character: There is no ^^H in font gbsnu03!
[19] (./Operations Management.aux) ) 
Here is how much of TeX's memory you used:
 6894 strings out of 476025
 106802 string characters out of 5790017
 1861388 words of memory out of 5000000
 27075 multiletter control sequences out of 15000+600000
 538866 words of font info for 127 fonts, out of 8000000 for 9000
 1141 hyphenation exceptions out of 8191
 62i,7n,67p,299b,1094s stack positions out of 10000i,1000n,20000p,200000b,200000s
</usr/local/texlive/2023/texmf-dist/fonts/t
ype1/public/amsfonts/cm/cmbx12.pfb></usr/local/texlive/2023/texmf-dist/fonts/ty
pe1/public/amsfonts/cm/cmex10.pfb></usr/local/texlive/2023/texmf-dist/fonts/typ
e1/public/amsfonts/cmextra/cmex8.pfb></usr/local/texlive/2023/texmf-dist/fonts/
type1/public/amsfonts/cm/cmmi12.pfb></usr/local/texlive/2023/texmf-dist/fonts/t
ype1/public/amsfonts/cm/cmmi6.pfb></usr/local/texlive/2023/texmf-dist/fonts/typ
e1/public/amsfonts/cm/cmmi8.pfb></usr/local/texlive/2023/texmf-dist/fonts/type1
/public/amsfonts/cm/cmr12.pfb></usr/local/texlive/2023/texmf-dist/fonts/type1/p
ublic/amsfonts/cm/cmr17.pfb></usr/local/texlive/2023/texmf-dist/fonts/type1/pub
lic/amsfonts/cm/cmr8.pfb></usr/local/texlive/2023/texmf-dist/fonts/type1/public
/amsfonts/cm/cmsy10.pfb></usr/local/texlive/2023/texmf-dist/fonts/type1/public/
amsfonts/cm/cmsy6.pfb></usr/local/texlive/2023/texmf-dist/fonts/type1/public/am
sfonts/cm/cmsy8.pfb></usr/local/texlive/2023/texmf-dist/fonts/type1/arphic/gbsn
u/gbsnu30.pfb></usr/local/texlive/2023/texmf-dist/fonts/type1/arphic/gbsnu/gbsn
u4e.pfb></usr/local/texlive/2023/texmf-dist/fonts/type1/arphic/gbsnu/gbsnu4f.pf
b></usr/local/texlive/2023/texmf-dist/fonts/type1/arphic/gbsnu/gbsnu50.pfb></us
r/local/texlive/2023/texmf-dist/fonts/type1/arphic/gbsnu/gbsnu51.pfb></usr/loca
l/texlive/2023/texmf-dist/fonts/type1/arphic/gbsnu/gbsnu52.pfb></usr/local/texl
ive/2023/texmf-dist/fonts/type1/arphic/gbsnu/gbsnu53.pfb></usr/local/texlive/20
23/texmf-dist/fonts/type1/arphic/gbsnu/gbsnu54.pfb></usr/local/texlive/2023/tex
mf-dist/fonts/type1/arphic/gbsnu/gbsnu55.pfb></usr/local/texlive/2023/texmf-dis
t/fonts/type1/arphic/gbsnu/gbsnu56.pfb></usr/local/texlive/2023/texmf-dist/font
s/type1/arphic/gbsnu/gbsnu57.pfb></usr/local/texlive/2023/texmf-dist/fonts/type
1/arphic/gbsnu/gbsnu59.pfb></usr/local/texlive/2023/texmf-dist/fonts/type1/arph
ic/gbsnu/gbsnu5b.pfb></usr/local/texlive/2023/texmf-dist/fonts/type1/arphic/gbs
nu/gbsnu5c.pfb></usr/local/texlive/2023/texmf-dist/fonts/type1/arphic/gbsnu/gbs
nu5d.pfb></usr/local/texlive/2023/texmf-dist/fonts/type1/arphic/gbsnu/gbsnu5e.p
fb></usr/local/texlive/2023/texmf-dist/fonts/type1/arphic/gbsnu/gbsnu5f.pfb></u
sr/local/texlive/2023/texmf-dist/fonts/type1/arphic/gbsnu/gbsnu60.pfb></usr/loc
al/texlive/2023/texmf-dist/fonts/type1/arphic/gbsnu/gbsnu62.pfb></usr/local/tex
live/2023/texmf-dist/fonts/type1/arphic/gbsnu/gbsnu63.pfb></usr/local/texlive/2
023/texmf-dist/fonts/type1/arphic/gbsnu/gbsnu65.pfb></usr/local/texlive/2023/te
xmf-dist/fonts/type1/arphic/gbsnu/gbsnu66.pfb></usr/local/texlive/2023/texmf-di
st/fonts/type1/arphic/gbsnu/gbsnu67.pfb></usr/local/texlive/2023/texmf-dist/fon
ts/type1/arphic/gbsnu/gbsnu68.pfb></usr/local/texlive/2023/texmf-dist/fonts/typ
e1/arphic/gbsnu/gbsnu6b.pfb></usr/local/texlive/2023/texmf-dist/fonts/type1/arp
hic/gbsnu/gbsnu6c.pfb></usr/local/texlive/2023/texmf-dist/fonts/type1/arphic/gb
snu/gbsnu6d.pfb></usr/local/texlive/2023/texmf-dist/fonts/type1/arphic/gbsnu/gb
snu6e.pfb></usr/local/texlive/2023/texmf-dist/fonts/type1/arphic/gbsnu/gbsnu70.
pfb></usr/local/texlive/2023/texmf-dist/fonts/type1/arphic/gbsnu/gbsnu72.pfb></
usr/local/texlive/2023/texmf-dist/fonts/type1/arphic/gbsnu/gbsnu73.pfb></usr/lo
cal/texlive/2023/texmf-dist/fonts/type1/arphic/gbsnu/gbsnu74.pfb></usr/local/te
xlive/2023/texmf-dist/fonts/type1/arphic/gbsnu/gbsnu75.pfb></usr/local/texlive/
2023/texmf-dist/fonts/type1/arphic/gbsnu/gbsnu76.pfb></usr/local/texlive/2023/t
exmf-dist/fonts/type1/arphic/gbsnu/gbsnu78.pfb></usr/local/texlive/2023/texmf-d
ist/fonts/type1/arphic/gbsnu/gbsnu79.pfb></usr/local/texlive/2023/texmf-dist/fo
nts/type1/arphic/gbsnu/gbsnu7a.pfb></usr/local/texlive/2023/texmf-dist/fonts/ty
pe1/arphic/gbsnu/gbsnu7b.pfb></usr/local/texlive/2023/texmf-dist/fonts/type1/ar
phic/gbsnu/gbsnu7c.pfb></usr/local/texlive/2023/texmf-dist/fonts/type1/arphic/g
bsnu/gbsnu7d.pfb></usr/local/texlive/2023/texmf-dist/fonts/type1/arphic/gbsnu/g
bsnu7e.pfb></usr/local/texlive/2023/texmf-dist/fonts/type1/arphic/gbsnu/gbsnu7f
.pfb></usr/local/texlive/2023/texmf-dist/fonts/type1/arphic/gbsnu/gbsnu80.pfb><
/usr/local/texlive/2023/texmf-dist/fonts/type1/arphic/gbsnu/gbsnu81.pfb></usr/l
ocal/texlive/2023/texmf-dist/fonts/type1/arphic/gbsnu/gbsnu82.pfb></usr/local/t
exlive/2023/texmf-dist/fonts/type1/arphic/gbsnu/gbsnu84.pfb></usr/local/texlive
/2023/texmf-dist/fonts/type1/arphic/gbsnu/gbsnu88.pfb></usr/local/texlive/2023/
texmf-dist/fonts/type1/arphic/gbsnu/gbsnu89.pfb></usr/local/texlive/2023/texmf-
dist/fonts/type1/arphic/gbsnu/gbsnu8b.pfb></usr/local/texlive/2023/texmf-dist/f
onts/type1/arphic/gbsnu/gbsnu8d.pfb></usr/local/texlive/2023/texmf-dist/fonts/t
ype1/arphic/gbsnu/gbsnu8e.pfb></usr/local/texlive/2023/texmf-dist/fonts/type1/a
rphic/gbsnu/gbsnu8f.pfb></usr/local/texlive/2023/texmf-dist/fonts/type1/arphic/
gbsnu/gbsnu90.pfb></usr/local/texlive/2023/texmf-dist/fonts/type1/arphic/gbsnu/
gbsnu91.pfb></usr/local/texlive/2023/texmf-dist/fonts/type1/arphic/gbsnu/gbsnu9
4.pfb></usr/local/texlive/2023/texmf-dist/fonts/type1/arphic/gbsnu/gbsnu95.pfb>
</usr/local/texlive/2023/texmf-dist/fonts/type1/arphic/gbsnu/gbsnu96.pfb></usr/
local/texlive/2023/texmf-dist/fonts/type1/arphic/gbsnu/gbsnu97.pfb></usr/local/
texlive/2023/texmf-dist/fonts/type1/arphic/gbsnu/gbsnu98.pfb></usr/local/texliv
e/2023/texmf-dist/fonts/type1/arphic/gbsnu/gbsnu9a.pfb></usr/local/texlive/2023
/texmf-dist/fonts/type1/arphic/gbsnu/gbsnuff.pfb></usr/local/texlive/2023/texmf
-dist/fonts/type1/public/cm-super/sfrm1200.pfb>
Output written on "Operations Management.pdf" (20 pages, 1820763 bytes).
PDF statistics:
 526 PDF objects out of 1000 (max. 8388607)
 270 compressed objects within 3 object streams
 0 named destinations out of 1000 (max. 500000)
 309 words of extra memory for PDF output out of 10000 (max. 10000000)

